<?xml version="1.0" encoding="UTF-8"?>
<!-- Generated by org.testng.reporters.JUnitReportReporter -->
<testsuite hostname="QSDBASE7017C" name="Runner" tests="1" failures="0" timestamp="19 Aug 2019 09:33:50 GMT" time="1.937" errors="0">
  <testcase name="f" time="1.937" classname="Runner"/>
</testsuite> <!-- Runner -->
