<?xml version="1.0" encoding="UTF-8"?>
<!-- Generated by org.testng.reporters.JUnitReportReporter -->
<testsuite hostname="QSDBASE7017C" name="Test.SearchDXC" tests="1" failures="0" timestamp="20 Aug 2019 19:17:51 GMT" time="9.900" errors="0">
  <testcase name="Validate_DXCGlassDoor_Search_Link" time="9.900" classname="Test.SearchDXC"/>
</testsuite> <!-- Test.SearchDXC -->
